<?xml version="1.0" encoding="UTF-8"?>
<!-- Generated by org.testng.reporters.JUnitXMLReporter -->
<testsuite hostname="DESKTOP-E7LNI65" ignored="0" name="Test1" tests="3" failures="0" timestamp="02 May 2019 11:16:31 GMT" time="58.18" errors="0">
  <testcase name="loginwithvalidds" time="48.283" classname="com.model.MavenDemoWithTestNg.MavenDemo"/>
  <testcase name="verifySignonpage" time="0.02" classname="com.model.MavenDemoWithTestNg.MavenDemo"/>
  <testcase name="loginwithinvalidds" time="2.791" classname="com.model.MavenDemoWithTestNg.MavenDemo"/>
</testsuite> <!-- Test1 -->
